# Logfile created on 2014-01-06 16:24:09 -0500 by logger.rb/44203
I, [2014-01-06T16:24:09.493394 #67309]  INFO -- : 0:  daemons (1.1.9) from /Users/druse/.rvm/gems/ruby-2.1.0/specifications/daemons-1.1.9.gemspec
I, [2014-01-06T16:24:09.493915 #67309]  INFO -- : 0:  eventmachine (1.0.3) from /Users/druse/.rvm/gems/ruby-2.1.0/specifications/eventmachine-1.0.3.gemspec
I, [2014-01-06T16:24:10.829409 #67309]  INFO -- : 0:  term-ansicolor (1.0.7) from /Users/druse/.rvm/gems/ruby-2.1.0/specifications/term-ansicolor-1.0.7.gemspec
I, [2014-01-06T16:24:11.186409 #67309]  INFO -- : 0:  thor (0.17.0) from /Users/druse/.rvm/gems/ruby-2.1.0/specifications/thor-0.17.0.gemspec
I, [2014-01-06T16:24:11.478392 #67309]  INFO -- : 0:  foreman (0.26.1) from /Users/druse/.rvm/gems/ruby-2.1.0/specifications/foreman-0.26.1.gemspec
I, [2014-01-06T16:24:11.478657 #67309]  INFO -- : 0:  rack (1.5.2) from /Users/druse/.rvm/gems/ruby-2.1.0/specifications/rack-1.5.2.gemspec
I, [2014-01-06T16:24:11.755005 #67309]  INFO -- : 0:  rack-protection (1.5.0) from /Users/druse/.rvm/gems/ruby-2.1.0/specifications/rack-protection-1.5.0.gemspec
I, [2014-01-06T16:24:12.085142 #67309]  INFO -- : 0:  tilt (1.3.5) from /Users/druse/.rvm/gems/ruby-2.1.0/specifications/tilt-1.3.5.gemspec
I, [2014-01-06T16:24:14.422589 #67309]  INFO -- : 0:  sinatra (1.3.5) from /Users/druse/.rvm/gems/ruby-2.1.0/specifications/sinatra-1.3.5.gemspec
I, [2014-01-06T16:24:16.527263 #67309]  INFO -- : 0:  thin (1.2.7) from /Users/druse/.rvm/gems/ruby-2.1.0/specifications/thin-1.2.7.gemspec
I, [2014-01-06T16:24:16.527973 #67309]  INFO -- : 0:  bundler (1.5.1) from /Users/druse/.rvm/gems/ruby-2.1.0@global/specifications/bundler-1.5.1.gemspec
I, [2014-01-06T16:24:45.450155 #67398]  INFO -- : 0:  daemons (1.1.9) from /Users/druse/.rvm/gems/ruby-2.1.0/specifications/daemons-1.1.9.gemspec
I, [2014-01-06T16:24:45.450443 #67398]  INFO -- : 0:  eventmachine (1.0.3) from /Users/druse/.rvm/gems/ruby-2.1.0/specifications/eventmachine-1.0.3.gemspec
I, [2014-01-06T16:24:45.450645 #67398]  INFO -- : 0:  term-ansicolor (1.0.7) from /Users/druse/.rvm/gems/ruby-2.1.0/specifications/term-ansicolor-1.0.7.gemspec
I, [2014-01-06T16:24:45.450841 #67398]  INFO -- : 0:  thor (0.17.0) from /Users/druse/.rvm/gems/ruby-2.1.0/specifications/thor-0.17.0.gemspec
I, [2014-01-06T16:24:45.451034 #67398]  INFO -- : 0:  foreman (0.26.1) from /Users/druse/.rvm/gems/ruby-2.1.0/specifications/foreman-0.26.1.gemspec
I, [2014-01-06T16:24:45.451230 #67398]  INFO -- : 0:  rack (1.5.2) from /Users/druse/.rvm/gems/ruby-2.1.0/specifications/rack-1.5.2.gemspec
I, [2014-01-06T16:24:45.451416 #67398]  INFO -- : 0:  rack-protection (1.5.0) from /Users/druse/.rvm/gems/ruby-2.1.0/specifications/rack-protection-1.5.0.gemspec
I, [2014-01-06T16:24:45.451617 #67398]  INFO -- : 0:  tilt (1.3.5) from /Users/druse/.rvm/gems/ruby-2.1.0/specifications/tilt-1.3.5.gemspec
I, [2014-01-06T16:24:45.451807 #67398]  INFO -- : 0:  sinatra (1.3.5) from /Users/druse/.rvm/gems/ruby-2.1.0/specifications/sinatra-1.3.5.gemspec
I, [2014-01-06T16:24:45.452006 #67398]  INFO -- : 0:  thin (1.2.7) from /Users/druse/.rvm/gems/ruby-2.1.0/specifications/thin-1.2.7.gemspec
I, [2014-01-06T16:24:45.452201 #67398]  INFO -- : 0:  bundler (1.5.1) from /Users/druse/.rvm/gems/ruby-2.1.0@global/specifications/bundler-1.5.1.gemspec
